This is pdfTeX, Version 3.141592653-2.6-1.40.25 (MiKTeX 23.9) (preloaded format=pdflatex 2023.12.4)  22 DEC 2023 11:51
entering extended mode
 \write18 enabled.
 %&-line parsing enabled.
**"./Physics Updated.tex"
(Physics Updated.tex
LaTeX2e <2023-06-01> patch level 1
L3 programming layer <2023-08-29>
(C:\Users\squir\AppData\Local\Programs\MiKTeX\tex/latex/base\article.cls
Document Class: article 2023/05/17 v1.4n Standard LaTeX document class
(C:\Users\squir\AppData\Local\Programs\MiKTeX\tex/latex/base\size10.clo
File: size10.clo 2023/05/17 v1.4n Standard LaTeX file (size option)
)
\c@part=\count185
\c@section=\count186
\c@subsection=\count187
\c@subsubsection=\count188
\c@paragraph=\count189
\c@subparagraph=\count190
\c@figure=\count191
\c@table=\count192
\abovecaptionskip=\skip48
\belowcaptionskip=\skip49
\bibindent=\dimen140
)
(C:\Users\squir\AppData\Local\Programs\MiKTeX\tex/latex/pst-eucl\pst-eucl.sty
(C:\Users\squir\AppData\Local\Programs\MiKTeX\tex/latex/pstricks\pstricks.sty
Package: pstricks 2022/19/23 v0.72 LaTeX wrapper for `PSTricks' (RN,HV)

(C:\Users\squir\AppData\Local\Programs\MiKTeX\tex/generic/iftex\iftex.sty
Package: iftex 2022/02/03 v1.0f TeX engine tests
)
(C:\Users\squir\AppData\Local\Programs\MiKTeX\tex/latex/xcolor\xcolor.sty
Package: xcolor 2022/06/12 v2.14 LaTeX color extensions (UK)

(C:\Users\squir\AppData\Local\Programs\MiKTeX\tex/latex/graphics-cfg\color.cfg
File: color.cfg 2016/01/02 v1.6 sample color configuration
)
Package xcolor Info: Driver file: pdftex.def on input line 227.

(C:\Users\squir\AppData\Local\Programs\MiKTeX\tex/latex/graphics-def\pdftex.def
File: pdftex.def 2022/09/22 v1.2b Graphics/color driver for pdftex
)
(C:\Users\squir\AppData\Local\Programs\MiKTeX\tex/latex/graphics\mathcolor.ltx)
Package xcolor Info: Model `cmy' substituted by `cmy0' on input line 1353.
Package xcolor Info: Model `hsb' substituted by `rgb' on input line 1357.
Package xcolor Info: Model `RGB' extended on input line 1369.
Package xcolor Info: Model `HTML' substituted by `rgb' on input line 1371.
Package xcolor Info: Model `Hsb' substituted by `hsb' on input line 1372.
Package xcolor Info: Model `tHsb' substituted by `hsb' on input line 1373.
Package xcolor Info: Model `HSB' substituted by `hsb' on input line 1374.
Package xcolor Info: Model `Gray' substituted by `gray' on input line 1375.
Package xcolor Info: Model `wave' substituted by `hsb' on input line 1376.
)
(C:\Users\squir\AppData\Local\Programs\MiKTeX\tex/generic/xkeyval\pst-xkey.tex
File: pst-xkey.tex 2005/11/25 v1.6 PSTricks specialization of xkeyval (HA)

(C:\Users\squir\AppData\Local\Programs\MiKTeX\tex/latex/xkeyval\xkeyval.sty
Package: xkeyval 2022/06/16 v2.9 package option processing (HA)

(C:\Users\squir\AppData\Local\Programs\MiKTeX\tex/generic/xkeyval\xkeyval.tex
(C:\Users\squir\AppData\Local\Programs\MiKTeX\tex/generic/xkeyval\xkvutils.tex
\XKV@toks=\toks17
\XKV@tempa@toks=\toks18

(C:\Users\squir\AppData\Local\Programs\MiKTeX\tex/generic/xkeyval\keyval.tex))
\XKV@depth=\count193
File: xkeyval.tex 2014/12/03 v2.7a key=value parser (HA)
)))
(C:\Users\squir\AppData\Local\Programs\MiKTeX\tex/generic/pstricks\pstricks.tex
(C:\Users\squir\AppData\Local\Programs\MiKTeX\tex/generic/pstricks\pst-fp.tex
`pst-fp' v0.06, 2020/11/20 (hv)
\pstFP@xs=\count194
\pstFP@xia=\count195
\pstFP@xib=\count196
\pstFP@xfa=\count197
\pstFP@xfb=\count198
\pstFP@rega=\count199
\pstFP@regb=\count266
\pstFP@regs=\count267
\pstFP@times=\count268
)
(C:\Users\squir\AppData\Local\Programs\MiKTeX\tex/latex/pgf/utilities\pgffor.st
y
(C:\Users\squir\AppData\Local\Programs\MiKTeX\tex/latex/pgf/utilities\pgfrcs.st
y
(C:\Users\squir\AppData\Local\Programs\MiKTeX\tex/generic/pgf/utilities\pgfutil
-common.tex
\pgfutil@everybye=\toks19
\pgfutil@tempdima=\dimen141
\pgfutil@tempdimb=\dimen142
)
(C:\Users\squir\AppData\Local\Programs\MiKTeX\tex/generic/pgf/utilities\pgfutil
-latex.def
\pgfutil@abb=\box51
)
(C:\Users\squir\AppData\Local\Programs\MiKTeX\tex/generic/pgf/utilities\pgfrcs.
code.tex
(C:\Users\squir\AppData\Local\Programs\MiKTeX\tex/generic/pgf\pgf.revision.tex)
Package: pgfrcs 2023-01-15 v3.1.10 (3.1.10)
))
(C:\Users\squir\AppData\Local\Programs\MiKTeX\tex/latex/pgf/utilities\pgfkeys.s
ty
(C:\Users\squir\AppData\Local\Programs\MiKTeX\tex/generic/pgf/utilities\pgfkeys
.code.tex
\pgfkeys@pathtoks=\toks20
\pgfkeys@temptoks=\toks21

(C:\Users\squir\AppData\Local\Programs\MiKTeX\tex/generic/pgf/utilities\pgfkeys
libraryfiltered.code.tex
\pgfkeys@tmptoks=\toks22
)))
(C:\Users\squir\AppData\Local\Programs\MiKTeX\tex/latex/pgf/math\pgfmath.sty
(C:\Users\squir\AppData\Local\Programs\MiKTeX\tex/generic/pgf/math\pgfmath.code
.tex
(C:\Users\squir\AppData\Local\Programs\MiKTeX\tex/generic/pgf/math\pgfmathutil.
code.tex
\pgf@x=\dimen143
\pgf@xa=\dimen144
\pgf@xb=\dimen145
\pgf@xc=\dimen146
\pgf@y=\dimen147
\pgf@ya=\dimen148
\pgf@yb=\dimen149
\pgf@yc=\dimen150
\c@pgf@counta=\count269
\c@pgf@countb=\count270
\c@pgf@countc=\count271
\c@pgf@countd=\count272
)
(C:\Users\squir\AppData\Local\Programs\MiKTeX\tex/generic/pgf/math\pgfmathparse
r.code.tex
\pgfmath@dimen=\dimen151
\pgfmath@count=\count273
\pgfmath@box=\box52
\pgfmath@toks=\toks23
\pgfmath@stack@operand=\toks24
\pgfmath@stack@operation=\toks25
)
(C:\Users\squir\AppData\Local\Programs\MiKTeX\tex/generic/pgf/math\pgfmathfunct
ions.code.tex)
(C:\Users\squir\AppData\Local\Programs\MiKTeX\tex/generic/pgf/math\pgfmathfunct
ions.basic.code.tex)
(C:\Users\squir\AppData\Local\Programs\MiKTeX\tex/generic/pgf/math\pgfmathfunct
ions.trigonometric.code.tex)
(C:\Users\squir\AppData\Local\Programs\MiKTeX\tex/generic/pgf/math\pgfmathfunct
ions.random.code.tex)
(C:\Users\squir\AppData\Local\Programs\MiKTeX\tex/generic/pgf/math\pgfmathfunct
ions.comparison.code.tex)
(C:\Users\squir\AppData\Local\Programs\MiKTeX\tex/generic/pgf/math\pgfmathfunct
ions.base.code.tex)
(C:\Users\squir\AppData\Local\Programs\MiKTeX\tex/generic/pgf/math\pgfmathfunct
ions.round.code.tex)
(C:\Users\squir\AppData\Local\Programs\MiKTeX\tex/generic/pgf/math\pgfmathfunct
ions.misc.code.tex)
(C:\Users\squir\AppData\Local\Programs\MiKTeX\tex/generic/pgf/math\pgfmathfunct
ions.integerarithmetics.code.tex)
(C:\Users\squir\AppData\Local\Programs\MiKTeX\tex/generic/pgf/math\pgfmathcalc.
code.tex)
(C:\Users\squir\AppData\Local\Programs\MiKTeX\tex/generic/pgf/math\pgfmathfloat
.code.tex
\c@pgfmathroundto@lastzeros=\count274
)))
(C:\Users\squir\AppData\Local\Programs\MiKTeX\tex/generic/pgf/utilities\pgffor.
code.tex
Package: pgffor 2023-01-15 v3.1.10 (3.1.10)
\pgffor@iter=\dimen152
\pgffor@skip=\dimen153
\pgffor@stack=\toks26
\pgffor@toks=\toks27
))
\psLoopIndex=\count275

`PSTricks' v3.19  <2023/04/30> (tvz,hv)
\pst@dima=\dimen154
\pst@dimb=\dimen155
\pst@dimc=\dimen156
\pst@dimd=\dimen157
\pst@dimg=\dimen158
\pst@dimh=\dimen159
\pst@dimm=\dimen160
\pst@dimn=\dimen161
\pst@dimo=\dimen162
\pst@dimp=\dimen163
\pst@hbox=\box53
\pst@ibox=\box54
\pst@boxg=\box55
\pst@cnta=\count276
\pst@cntb=\count277
\pst@cntc=\count278
\pst@cntd=\count279
\pst@cntg=\count280
\pst@cnth=\count281
\pst@cntm=\count282
\pst@cntn=\count283
\pst@cnto=\count284
\pst@cntp=\count285
\@zero=\count286
\pst@toks=\toks28
--- We are running latex or xelatex ---

(C:\Users\squir\AppData\Local\Programs\MiKTeX\tex/generic/pstricks\pstricks.con
)
(C:\Users\squir\AppData\Local\Programs\MiKTeX\tex/generic/pstricks\pstricks-col
or.tex)
\psunit=\dimen164
\psxunit=\dimen165
\psyunit=\dimen166
\pst@C@@rType=\count287
\pslinewidth=\dimen167
\psk@startLW=\dimen168
\psk@endLW=\dimen169

(C:\Users\squir\AppData\Local\Programs\MiKTeX\tex/generic/pstricks\pstricks-arr
ows.tex
\pshooklength=\dimen170
\pshookwidth=\dimen171
)
\pst@customdefs=\toks29

(C:\Users\squir\AppData\Local\Programs\MiKTeX\tex/generic/pstricks\pstricks-dot
s.tex)
\pslinearc=\dimen172
\pst@symbolStep=\dimen173
\pst@symbolWidth=\dimen174
\pst@symbolLinewidth=\dimen175
\everypsbox=\toks30
\psframesep=\dimen176
\pslabelsep=\dimen177
\sh@wgridXunit=\dimen178
\sh@wgridYunit=\dimen179
\pst@shift=\dimen180
\ps@imagectr=\count288

(C:\Users\squir\AppData\Local\Programs\MiKTeX\tex/generic/pstricks\pstricks.con
))
File: pstricks.tex 2023/04/30 v3.19 `PSTricks' (tvz,hv)

(C:\Users\squir\AppData\Local\Programs\MiKTeX\tex/generic/pstricks\pst-fp.tex
`pst-fp' v0.06, 2020/11/20 (hv))
File: pst-fp.tex 2020/11/20 v0.06 `PST-fp' (hv)
)
(C:\Users\squir\AppData\Local\Programs\MiKTeX\tex/latex/pst-node\pst-node.sty
Package: pst-node 2012/09/18 v1.01 LaTeX wrapper for `pst-node' (HV)
Package: pst-node 2010/04/22 package wrapper for pst-node.tex

(C:\Users\squir\AppData\Local\Programs\MiKTeX\tex/generic/pst-node\pst-node.tex
 v1.43, 2022/01/31
\psrow=\count289
\pscol=\count290
\psmatrixcnt=\count291
\psrowsep=\skip50
\pscolsep=\skip51
\pst@args=\count292
\num@pts=\count293
\pst@argcnt=\count294
)
File: pst-node.tex 2022/01/31 1.43 `pst-node' (tvz,hv)
)
(C:\Users\squir\AppData\Local\Programs\MiKTeX\tex/latex/pst-tools\pst-tools.sty
Package: pst-tools 2012/01/01 package wrapper for pst-tools.tex (hv)

(C:\Users\squir\AppData\Local\Programs\MiKTeX\tex/generic/pst-tools\pst-tools.t
ex `PST-tools' v0.12, 2021/09/23 (hv)
\randomi=\count295
\ranval=\count296
)
File: pst-tools.tex 2021/09/23 v0.12 `PST-tools' (hv)
)
(C:\Users\squir\AppData\Local\Programs\MiKTeX\tex/latex/pst-calculate\pst-calcu
late.sty
Package: pst-calculate 2019/01/24 v. 0.02(Herbert Voss) Support for caculations
 with floating point numbers.

(C:\Users\squir\AppData\Local\Programs\MiKTeX\tex/latex/l3packages/xparse\xpars
e.sty
(C:\Users\squir\AppData\Local\Programs\MiKTeX\tex/latex/l3kernel\expl3.sty
Package: expl3 2023-08-29 L3 programming layer (loader) 

(C:\Users\squir\AppData\Local\Programs\MiKTeX\tex/latex/l3backend\l3backend-pdf
tex.def
File: l3backend-pdftex.def 2023-04-19 L3 backend support: PDF output (pdfTeX)
\l__color_backend_stack_int=\count297
\l__pdf_internal_box=\box56
))
Package: xparse 2023-08-29 L3 Experimental document command parser
)
(C:\Users\squir\AppData\Local\Programs\MiKTeX\tex/latex/siunitx\siunitx.sty
Package: siunitx 2023-10-07 v3.3.7 A comprehensive (SI) units package
\l__siunitx_number_uncert_offset_int=\count298
\l__siunitx_number_exponent_fixed_int=\count299
\l__siunitx_number_min_decimal_int=\count300
\l__siunitx_number_min_integer_int=\count301
\l__siunitx_number_round_precision_int=\count302
\l__siunitx_number_lower_threshold_int=\count303
\l__siunitx_number_upper_threshold_int=\count304
\l__siunitx_number_group_first_int=\count305
\l__siunitx_number_group_size_int=\count306
\l__siunitx_number_group_minimum_int=\count307
\l__siunitx_angle_tmp_dim=\dimen181
\l__siunitx_angle_marker_box=\box57
\l__siunitx_angle_unit_box=\box58
\l__siunitx_compound_count_int=\count308

(C:\Users\squir\AppData\Local\Programs\MiKTeX\tex/latex/translations\translatio
ns.sty
Package: translations 2022/02/05 v1.12 internationalization of LaTeX2e packages
 (CN)

(C:\Users\squir\AppData\Local\Programs\MiKTeX\tex/latex/etoolbox\etoolbox.sty
Package: etoolbox 2020/10/05 v2.5k e-TeX tools for LaTeX (JAW)
\etb@tempcnta=\count309
)
(C:\Users\squir\AppData\Local\Programs\MiKTeX\tex/generic/pdftexcmds\pdftexcmds
.sty
Package: pdftexcmds 2020-06-27 v0.33 Utility functions of pdfTeX for LuaTeX (HO
)

(C:\Users\squir\AppData\Local\Programs\MiKTeX\tex/generic/infwarerr\infwarerr.s
ty
Package: infwarerr 2019/12/03 v1.5 Providing info/warning/error messages (HO)
)
(C:\Users\squir\AppData\Local\Programs\MiKTeX\tex/generic/ltxcmds\ltxcmds.sty
Package: ltxcmds 2020-05-10 v1.25 LaTeX kernel commands for general use (HO)
)
Package pdftexcmds Info: \pdf@primitive is available.
Package pdftexcmds Info: \pdf@ifprimitive is available.
Package pdftexcmds Info: \pdfdraftmode found.
)) (C:\Users\squir\AppData\Local\Programs\MiKTeX\tex/latex/amsmath\amstext.sty
Package: amstext 2021/08/26 v2.01 AMS text

(C:\Users\squir\AppData\Local\Programs\MiKTeX\tex/latex/amsmath\amsgen.sty
File: amsgen.sty 1999/11/30 v2.0 generic functions
\@emptytoks=\toks31
\ex@=\dimen182
))
\l__siunitx_table_tmp_box=\box59
\l__siunitx_table_tmp_dim=\dimen183
\l__siunitx_table_column_width_dim=\dimen184
\l__siunitx_table_integer_box=\box60
\l__siunitx_table_decimal_box=\box61
\l__siunitx_table_uncert_box=\box62
\l__siunitx_table_before_box=\box63
\l__siunitx_table_after_box=\box64
\l__siunitx_table_before_dim=\dimen185
\l__siunitx_table_carry_dim=\dimen186
\l__siunitx_unit_tmp_int=\count310
\l__siunitx_unit_position_int=\count311
\l__siunitx_unit_total_int=\count312

(C:\Users\squir\AppData\Local\Programs\MiKTeX\tex/latex/tools\array.sty
Package: array 2022/09/04 v2.5g Tabular extension package (FMi)
\col@sep=\dimen187
\ar@mcellbox=\box65
\extrarowheight=\dimen188
\NC@list=\toks32
\extratabsurround=\skip52
\backup@length=\skip53
\ar@cellbox=\box66
)))
Package: pst-eucl 2020/09/29 package wrapper for PSTricks pst-eucl.tex

(C:\Users\squir\AppData\Local\Programs\MiKTeX\tex/generic/pst-eucl\pst-eucl.tex

(C:\Users\squir\AppData\Local\Programs\MiKTeX\tex/generic/pst-arrow\pst-arrow.t
ex `pst-arrow' v0.05, 2021/11/16 (dr,hv))
(C:\Users\squir\AppData\Local\Programs\MiKTeX\tex/generic/pst-plot\pst-plot.tex

(C:\Users\squir\AppData\Local\Programs\MiKTeX\tex/generic/pst-tools\pst-tools.t
ex)
(C:\Users\squir\AppData\Local\Programs\MiKTeX\tex/generic/pstricks-add\pstricks
-add.tex
(C:\Users\squir\AppData\Local\Programs\MiKTeX\tex/generic/pst-3d\pst-3d.tex
`PST-3d' v1.11, 2010/02/14 (tvz))
(C:\Users\squir\AppData\Local\Programs\MiKTeX\tex/generic/multido\multido.tex
 v1.42, 2010/05/14 <tvz>
\multido@count=\count313
\multidocount=\count314
\multido@stuff=\toks33
)
(C:\Users\squir\AppData\Local\Programs\MiKTeX\tex/generic/pst-math\pst-math.tex
`pst-math' v0.67 , (CJ,hv)) `pstricks-add' v3.94, 2023/04/17 (dr,hv)
\psparallelogramsep=\dimen189
\pst@cntC=\count315
\pst@stepcount=\count316
\chart@ColorIndex=\dimen190
\chart@ColorStep=\dimen191
\pst@chartHeight=\dimen192
\pst@chartStackDepth=\dimen193
\pst@chartStackWidth=\dimen194
\chart@Toggle=\count317
\psVectorCtr=\count318
)
(C:\Users\squir\AppData\Local\Programs\MiKTeX\tex/generic/multido\multido.tex
 v1.42, 2010/05/14 <tvz>)  v1.94, 2022/11/21 (tvz,hv)
\pstRadUnit=\dimen195
\pstRadUnitInv=\dimen196
\pst@linecnt=\count319
\RCD@file=\read2
\psxlabelsep=\dimen197
\psylabelsep=\dimen198
\psk@subticksize=\dimen199
\pst@xticksizeA=\dimen256
\pst@xticksizeB=\dimen257
\pst@xticksizeC=\dimen258
\pst@yticksizeA=\dimen259
\pst@yticksizeB=\dimen260
\pst@yticksizeC=\dimen261
\@digitcounter=\count320
\psk@llx=\dimen262
\psk@lly=\dimen263
\psk@urx=\dimen264
\psk@ury=\dimen265
\pst@xunit=\dimen266
\pst@yunit=\dimen267
)
(C:\Users\squir\AppData\Local\Programs\MiKTeX\tex/generic/multido\multido.tex
 v1.42, 2010/05/14 <tvz>) `PST-Euclide v1.77, 2023/04/15 (dr,hv)
\psMarkHashLength=\dimen268
\psMarkHashSep=\dimen269
)
File: pst-eucl.tex 2023/04/15 v1.77 `PST-eucl' (dr,hv)
)
(C:\Users\squir\AppData\Local\Programs\MiKTeX\tex/latex/graphics\graphicx.sty
Package: graphicx 2021/09/16 v1.2d Enhanced LaTeX Graphics (DPC,SPQR)

(C:\Users\squir\AppData\Local\Programs\MiKTeX\tex/latex/graphics\graphics.sty
Package: graphics 2022/03/10 v1.4e Standard LaTeX Graphics (DPC,SPQR)

(C:\Users\squir\AppData\Local\Programs\MiKTeX\tex/latex/graphics\trig.sty
Package: trig 2021/08/11 v1.11 sin cos tan (DPC)
)
(C:\Users\squir\AppData\Local\Programs\MiKTeX\tex/latex/graphics-cfg\graphics.c
fg
File: graphics.cfg 2016/06/04 v1.11 sample graphics configuration
)
Package graphics Info: Driver file: pdftex.def on input line 107.
)
\Gin@req@height=\dimen270
\Gin@req@width=\dimen271
)
(C:\Users\squir\AppData\Local\Programs\MiKTeX\tex/latex/changepage\changepage.s
ty
Package: changepage 2009/10/20 v1.0c check page and change page layout
\c@cp@cntr=\count321
\cp@tempcnt=\count322
) (C:\Users\squir\AppData\Local\Programs\MiKTeX\tex/latex/amsmath\amsmath.sty
Package: amsmath 2023/05/13 v2.17o AMS math features
\@mathmargin=\skip54
For additional information on amsmath, use the `?' option.
(C:\Users\squir\AppData\Local\Programs\MiKTeX\tex/latex/amsmath\amsbsy.sty
Package: amsbsy 1999/11/29 v1.2d Bold Symbols
\pmbraise@=\dimen272
)
(C:\Users\squir\AppData\Local\Programs\MiKTeX\tex/latex/amsmath\amsopn.sty
Package: amsopn 2022/04/08 v2.04 operator names
)
\inf@bad=\count323
LaTeX Info: Redefining \frac on input line 234.
\uproot@=\count324
\leftroot@=\count325
LaTeX Info: Redefining \overline on input line 399.
LaTeX Info: Redefining \colon on input line 410.
\classnum@=\count326
\DOTSCASE@=\count327
LaTeX Info: Redefining \ldots on input line 496.
LaTeX Info: Redefining \dots on input line 499.
LaTeX Info: Redefining \cdots on input line 620.
\Mathstrutbox@=\box67
\strutbox@=\box68
LaTeX Info: Redefining \big on input line 722.
LaTeX Info: Redefining \Big on input line 723.
LaTeX Info: Redefining \bigg on input line 724.
LaTeX Info: Redefining \Bigg on input line 725.
\big@size=\dimen273
LaTeX Font Info:    Redeclaring font encoding OML on input line 743.
LaTeX Font Info:    Redeclaring font encoding OMS on input line 744.
\macc@depth=\count328
LaTeX Info: Redefining \bmod on input line 905.
LaTeX Info: Redefining \pmod on input line 910.
LaTeX Info: Redefining \smash on input line 940.
LaTeX Info: Redefining \relbar on input line 970.
LaTeX Info: Redefining \Relbar on input line 971.
\c@MaxMatrixCols=\count329
\dotsspace@=\muskip16
\c@parentequation=\count330
\dspbrk@lvl=\count331
\tag@help=\toks34
\row@=\count332
\column@=\count333
\maxfields@=\count334
\andhelp@=\toks35
\eqnshift@=\dimen274
\alignsep@=\dimen275
\tagshift@=\dimen276
\tagwidth@=\dimen277
\totwidth@=\dimen278
\lineht@=\dimen279
\@envbody=\toks36
\multlinegap=\skip55
\multlinetaggap=\skip56
\mathdisplay@stack=\toks37
LaTeX Info: Redefining \[ on input line 2953.
LaTeX Info: Redefining \] on input line 2954.
)
(C:\Users\squir\AppData\Local\Programs\MiKTeX\tex/latex/amsfonts\amssymb.sty
Package: amssymb 2013/01/14 v3.01 AMS font symbols

(C:\Users\squir\AppData\Local\Programs\MiKTeX\tex/latex/amsfonts\amsfonts.sty
Package: amsfonts 2013/01/14 v3.01 Basic AMSFonts support
\symAMSa=\mathgroup4
\symAMSb=\mathgroup5
LaTeX Font Info:    Redeclaring math symbol \hbar on input line 98.
LaTeX Font Info:    Overwriting math alphabet `\mathfrak' in version `bold'
(Font)                  U/euf/m/n --> U/euf/b/n on input line 106.
)) (C:\Users\squir\AppData\Local\Programs\MiKTeX\tex/latex/pgfplots\pgfplots.st
y
(C:\Users\squir\AppData\Local\Programs\MiKTeX\tex/generic/pgfplots\pgfplots.rev
ision.tex)
Package: pgfplots 2021/05/15 v1.18.1 Data Visualization (1.18.1)

(C:\Users\squir\AppData\Local\Programs\MiKTeX\tex/latex/pgf/frontendlayer\tikz.
sty
(C:\Users\squir\AppData\Local\Programs\MiKTeX\tex/latex/pgf/basiclayer\pgf.sty
Package: pgf 2023-01-15 v3.1.10 (3.1.10)

(C:\Users\squir\AppData\Local\Programs\MiKTeX\tex/latex/pgf/basiclayer\pgfcore.
sty
(C:\Users\squir\AppData\Local\Programs\MiKTeX\tex/latex/pgf/systemlayer\pgfsys.
sty
(C:\Users\squir\AppData\Local\Programs\MiKTeX\tex/generic/pgf/systemlayer\pgfsy
s.code.tex
Package: pgfsys 2023-01-15 v3.1.10 (3.1.10)
\pgf@x=\dimen280
\pgf@y=\dimen281
\pgf@xa=\dimen282
\pgf@ya=\dimen283
\pgf@xb=\dimen284
\pgf@yb=\dimen285
\pgf@xc=\dimen286
\pgf@yc=\dimen287
\pgf@xd=\dimen288
\pgf@yd=\dimen289
\w@pgf@writea=\write3
\r@pgf@reada=\read3
\c@pgf@counta=\count335
\c@pgf@countb=\count336
\c@pgf@countc=\count337
\c@pgf@countd=\count338
\t@pgf@toka=\toks38
\t@pgf@tokb=\toks39
\t@pgf@tokc=\toks40
\pgf@sys@id@count=\count339

(C:\Users\squir\AppData\Local\Programs\MiKTeX\tex/generic/pgf/systemlayer\pgf.c
fg
File: pgf.cfg 2023-01-15 v3.1.10 (3.1.10)
)
Driver file for pgf: pgfsys-pdftex.def

(C:\Users\squir\AppData\Local\Programs\MiKTeX\tex/generic/pgf/systemlayer\pgfsy
s-pdftex.def
File: pgfsys-pdftex.def 2023-01-15 v3.1.10 (3.1.10)

(C:\Users\squir\AppData\Local\Programs\MiKTeX\tex/generic/pgf/systemlayer\pgfsy
s-common-pdf.def
File: pgfsys-common-pdf.def 2023-01-15 v3.1.10 (3.1.10)
)))
(C:\Users\squir\AppData\Local\Programs\MiKTeX\tex/generic/pgf/systemlayer\pgfsy
ssoftpath.code.tex
File: pgfsyssoftpath.code.tex 2023-01-15 v3.1.10 (3.1.10)
\pgfsyssoftpath@smallbuffer@items=\count340
\pgfsyssoftpath@bigbuffer@items=\count341
)
(C:\Users\squir\AppData\Local\Programs\MiKTeX\tex/generic/pgf/systemlayer\pgfsy
sprotocol.code.tex
File: pgfsysprotocol.code.tex 2023-01-15 v3.1.10 (3.1.10)
))
(C:\Users\squir\AppData\Local\Programs\MiKTeX\tex/generic/pgf/basiclayer\pgfcor
e.code.tex
Package: pgfcore 2023-01-15 v3.1.10 (3.1.10)

(C:\Users\squir\AppData\Local\Programs\MiKTeX\tex/generic/pgf/math\pgfint.code.
tex)
(C:\Users\squir\AppData\Local\Programs\MiKTeX\tex/generic/pgf/basiclayer\pgfcor
epoints.code.tex
File: pgfcorepoints.code.tex 2023-01-15 v3.1.10 (3.1.10)
\pgf@picminx=\dimen290
\pgf@picmaxx=\dimen291
\pgf@picminy=\dimen292
\pgf@picmaxy=\dimen293
\pgf@pathminx=\dimen294
\pgf@pathmaxx=\dimen295
\pgf@pathminy=\dimen296
\pgf@pathmaxy=\dimen297
\pgf@xx=\dimen298
\pgf@xy=\dimen299
\pgf@yx=\dimen300
\pgf@yy=\dimen301
\pgf@zx=\dimen302
\pgf@zy=\dimen303
)
(C:\Users\squir\AppData\Local\Programs\MiKTeX\tex/generic/pgf/basiclayer\pgfcor
epathconstruct.code.tex
File: pgfcorepathconstruct.code.tex 2023-01-15 v3.1.10 (3.1.10)
\pgf@path@lastx=\dimen304
\pgf@path@lasty=\dimen305
)
(C:\Users\squir\AppData\Local\Programs\MiKTeX\tex/generic/pgf/basiclayer\pgfcor
epathusage.code.tex
File: pgfcorepathusage.code.tex 2023-01-15 v3.1.10 (3.1.10)
\pgf@shorten@end@additional=\dimen306
\pgf@shorten@start@additional=\dimen307
)
(C:\Users\squir\AppData\Local\Programs\MiKTeX\tex/generic/pgf/basiclayer\pgfcor
escopes.code.tex
File: pgfcorescopes.code.tex 2023-01-15 v3.1.10 (3.1.10)
\pgfpic=\box69
\pgf@hbox=\box70
\pgf@layerbox@main=\box71
\pgf@picture@serial@count=\count342
)
(C:\Users\squir\AppData\Local\Programs\MiKTeX\tex/generic/pgf/basiclayer\pgfcor
egraphicstate.code.tex
File: pgfcoregraphicstate.code.tex 2023-01-15 v3.1.10 (3.1.10)
\pgflinewidth=\dimen308
)
(C:\Users\squir\AppData\Local\Programs\MiKTeX\tex/generic/pgf/basiclayer\pgfcor
etransformations.code.tex
File: pgfcoretransformations.code.tex 2023-01-15 v3.1.10 (3.1.10)
\pgf@pt@x=\dimen309
\pgf@pt@y=\dimen310
\pgf@pt@temp=\dimen311
)
(C:\Users\squir\AppData\Local\Programs\MiKTeX\tex/generic/pgf/basiclayer\pgfcor
equick.code.tex
File: pgfcorequick.code.tex 2023-01-15 v3.1.10 (3.1.10)
)
(C:\Users\squir\AppData\Local\Programs\MiKTeX\tex/generic/pgf/basiclayer\pgfcor
eobjects.code.tex
File: pgfcoreobjects.code.tex 2023-01-15 v3.1.10 (3.1.10)
)
(C:\Users\squir\AppData\Local\Programs\MiKTeX\tex/generic/pgf/basiclayer\pgfcor
epathprocessing.code.tex
File: pgfcorepathprocessing.code.tex 2023-01-15 v3.1.10 (3.1.10)
)
(C:\Users\squir\AppData\Local\Programs\MiKTeX\tex/generic/pgf/basiclayer\pgfcor
earrows.code.tex
File: pgfcorearrows.code.tex 2023-01-15 v3.1.10 (3.1.10)
\pgfarrowsep=\dimen312
)
(C:\Users\squir\AppData\Local\Programs\MiKTeX\tex/generic/pgf/basiclayer\pgfcor
eshade.code.tex
File: pgfcoreshade.code.tex 2023-01-15 v3.1.10 (3.1.10)
\pgf@max=\dimen313
\pgf@sys@shading@range@num=\count343
\pgf@shadingcount=\count344
)
(C:\Users\squir\AppData\Local\Programs\MiKTeX\tex/generic/pgf/basiclayer\pgfcor
eimage.code.tex
File: pgfcoreimage.code.tex 2023-01-15 v3.1.10 (3.1.10)
)
(C:\Users\squir\AppData\Local\Programs\MiKTeX\tex/generic/pgf/basiclayer\pgfcor
eexternal.code.tex
File: pgfcoreexternal.code.tex 2023-01-15 v3.1.10 (3.1.10)
\pgfexternal@startupbox=\box72
)
(C:\Users\squir\AppData\Local\Programs\MiKTeX\tex/generic/pgf/basiclayer\pgfcor
elayers.code.tex
File: pgfcorelayers.code.tex 2023-01-15 v3.1.10 (3.1.10)
)
(C:\Users\squir\AppData\Local\Programs\MiKTeX\tex/generic/pgf/basiclayer\pgfcor
etransparency.code.tex
File: pgfcoretransparency.code.tex 2023-01-15 v3.1.10 (3.1.10)
)
(C:\Users\squir\AppData\Local\Programs\MiKTeX\tex/generic/pgf/basiclayer\pgfcor
epatterns.code.tex
File: pgfcorepatterns.code.tex 2023-01-15 v3.1.10 (3.1.10)
)
(C:\Users\squir\AppData\Local\Programs\MiKTeX\tex/generic/pgf/basiclayer\pgfcor
erdf.code.tex
File: pgfcorerdf.code.tex 2023-01-15 v3.1.10 (3.1.10)
)))
(C:\Users\squir\AppData\Local\Programs\MiKTeX\tex/generic/pgf/modules\pgfmodule
shapes.code.tex
File: pgfmoduleshapes.code.tex 2023-01-15 v3.1.10 (3.1.10)
\pgfnodeparttextbox=\box73
)
(C:\Users\squir\AppData\Local\Programs\MiKTeX\tex/generic/pgf/modules\pgfmodule
plot.code.tex
File: pgfmoduleplot.code.tex 2023-01-15 v3.1.10 (3.1.10)
)
(C:\Users\squir\AppData\Local\Programs\MiKTeX\tex/latex/pgf/compatibility\pgfco
mp-version-0-65.sty
Package: pgfcomp-version-0-65 2023-01-15 v3.1.10 (3.1.10)
\pgf@nodesepstart=\dimen314
\pgf@nodesepend=\dimen315
)
(C:\Users\squir\AppData\Local\Programs\MiKTeX\tex/latex/pgf/compatibility\pgfco
mp-version-1-18.sty
Package: pgfcomp-version-1-18 2023-01-15 v3.1.10 (3.1.10)
))
(C:\Users\squir\AppData\Local\Programs\MiKTeX\tex/generic/pgf/frontendlayer/tik
z\tikz.code.tex
Package: tikz 2023-01-15 v3.1.10 (3.1.10)

(C:\Users\squir\AppData\Local\Programs\MiKTeX\tex/generic/pgf/libraries\pgflibr
aryplothandlers.code.tex
File: pgflibraryplothandlers.code.tex 2023-01-15 v3.1.10 (3.1.10)
\pgf@plot@mark@count=\count345
\pgfplotmarksize=\dimen316
)
\tikz@lastx=\dimen317
\tikz@lasty=\dimen318
\tikz@lastxsaved=\dimen319
\tikz@lastysaved=\dimen320
\tikz@lastmovetox=\dimen321
\tikz@lastmovetoy=\dimen322
\tikzleveldistance=\dimen323
\tikzsiblingdistance=\dimen324
\tikz@figbox=\box74
\tikz@figbox@bg=\box75
\tikz@tempbox=\box76
\tikz@tempbox@bg=\box77
\tikztreelevel=\count346
\tikznumberofchildren=\count347
\tikznumberofcurrentchild=\count348
\tikz@fig@count=\count349

(C:\Users\squir\AppData\Local\Programs\MiKTeX\tex/generic/pgf/modules\pgfmodule
matrix.code.tex
File: pgfmodulematrix.code.tex 2023-01-15 v3.1.10 (3.1.10)
\pgfmatrixcurrentrow=\count350
\pgfmatrixcurrentcolumn=\count351
\pgf@matrix@numberofcolumns=\count352
)
\tikz@expandcount=\count353

(C:\Users\squir\AppData\Local\Programs\MiKTeX\tex/generic/pgf/frontendlayer/tik
z/libraries\tikzlibrarytopaths.code.tex
File: tikzlibrarytopaths.code.tex 2023-01-15 v3.1.10 (3.1.10)
)))
(C:\Users\squir\AppData\Local\Programs\MiKTeX\tex/generic/pgfplots\pgfplots.cod
e.tex
(C:\Users\squir\AppData\Local\Programs\MiKTeX\tex/generic/pgfplots\pgfplotscore
.code.tex
\t@pgfplots@toka=\toks41
\t@pgfplots@tokb=\toks42
\t@pgfplots@tokc=\toks43
\pgfplots@tmpa=\dimen325
\c@pgfplots@coordindex=\count354
\c@pgfplots@scanlineindex=\count355

(C:\Users\squir\AppData\Local\Programs\MiKTeX\tex/generic/pgfplots/sys\pgfplots
sysgeneric.code.tex))
(C:\Users\squir\AppData\Local\Programs\MiKTeX\tex/generic/pgfplots/libs\pgfplot
slibrary.code.tex)
(C:\Users\squir\AppData\Local\Programs\MiKTeX\tex/generic/pgfplots/oldpgfcompat
ib\pgfplotsoldpgfsupp_loader.code.tex
(C:\Users\squir\AppData\Local\Programs\MiKTeX\tex/generic/pgf/libraries\pgflibr
aryfpu.code.tex)
Package pgfplots: loading complementary utilities for your pgf version...
\t@pgf@toka=\toks44
\t@pgf@tokb=\toks45
\t@pgf@tokc=\toks46

(C:\Users\squir\AppData\Local\Programs\MiKTeX\tex/generic/pgfplots/oldpgfcompat
ib\pgfplotsoldpgfsupp_pgfutil-common-lists.tex))
(C:\Users\squir\AppData\Local\Programs\MiKTeX\tex/generic/pgfplots/util\pgfplot
sutil.code.tex
(C:\Users\squir\AppData\Local\Programs\MiKTeX\tex/generic/pgfplots/liststructur
e\pgfplotsliststructure.code.tex)
(C:\Users\squir\AppData\Local\Programs\MiKTeX\tex/generic/pgfplots/liststructur
e\pgfplotsliststructureext.code.tex)
(C:\Users\squir\AppData\Local\Programs\MiKTeX\tex/generic/pgfplots/liststructur
e\pgfplotsarray.code.tex
\c@pgfplotsarray@tmp=\count356
)
(C:\Users\squir\AppData\Local\Programs\MiKTeX\tex/generic/pgfplots/liststructur
e\pgfplotsmatrix.code.tex)
(C:\Users\squir\AppData\Local\Programs\MiKTeX\tex/generic/pgfplots/numtable\pgf
plotstableshared.code.tex
\c@pgfplotstable@counta=\count357
\t@pgfplotstable@a=\toks47
)
(C:\Users\squir\AppData\Local\Programs\MiKTeX\tex/generic/pgfplots/liststructur
e\pgfplotsdeque.code.tex)
(C:\Users\squir\AppData\Local\Programs\MiKTeX\tex/generic/pgfplots/util\pgfplot
sbinary.code.tex
(C:\Users\squir\AppData\Local\Programs\MiKTeX\tex/generic/pgfplots/util\pgfplot
sbinary.data.code.tex))
(C:\Users\squir\AppData\Local\Programs\MiKTeX\tex/generic/pgfplots/util\pgfplot
sutil.verb.code.tex)
(C:\Users\squir\AppData\Local\Programs\MiKTeX\tex/generic/pgfplots/libs\pgflibr
arypgfplots.surfshading.code.tex
\c@pgfplotslibrarysurf@no=\count358

(C:\Users\squir\AppData\Local\Programs\MiKTeX\tex/generic/pgfplots/sys\pgflibra
rypgfplots.surfshading.pgfsys-pdftex.def)))
(C:\Users\squir\AppData\Local\Programs\MiKTeX\tex/generic/pgfplots/util\pgfplot
scolormap.code.tex
(C:\Users\squir\AppData\Local\Programs\MiKTeX\tex/generic/pgfplots/util\pgfplot
scolor.code.tex))
(C:\Users\squir\AppData\Local\Programs\MiKTeX\tex/generic/pgfplots\pgfplotsstac
kedplots.code.tex)
(C:\Users\squir\AppData\Local\Programs\MiKTeX\tex/generic/pgfplots\pgfplotsplot
handlers.code.tex
(C:\Users\squir\AppData\Local\Programs\MiKTeX\tex/generic/pgfplots\pgfplotsmesh
plothandler.code.tex
(C:\Users\squir\AppData\Local\Programs\MiKTeX\tex/generic/pgfplots\pgfplotsmesh
plotimage.code.tex)))
(C:\Users\squir\AppData\Local\Programs\MiKTeX\tex/generic/pgfplots\pgfplots.sca
ling.code.tex)
(C:\Users\squir\AppData\Local\Programs\MiKTeX\tex/generic/pgfplots\pgfplotscoor
dprocessing.code.tex)
(C:\Users\squir\AppData\Local\Programs\MiKTeX\tex/generic/pgfplots\pgfplots.err
orbars.code.tex)
(C:\Users\squir\AppData\Local\Programs\MiKTeX\tex/generic/pgfplots\pgfplots.mar
kers.code.tex)
(C:\Users\squir\AppData\Local\Programs\MiKTeX\tex/generic/pgfplots\pgfplotstick
s.code.tex)
(C:\Users\squir\AppData\Local\Programs\MiKTeX\tex/generic/pgfplots\pgfplots.pat
hs.code.tex)
(C:\Users\squir\AppData\Local\Programs\MiKTeX\tex/generic/pgf/frontendlayer/tik
z/libraries\tikzlibrarydecorations.code.tex
(C:\Users\squir\AppData\Local\Programs\MiKTeX\tex/generic/pgf/modules\pgfmodule
decorations.code.tex
\pgfdecoratedcompleteddistance=\dimen326
\pgfdecoratedremainingdistance=\dimen327
\pgfdecoratedinputsegmentcompleteddistance=\dimen328
\pgfdecoratedinputsegmentremainingdistance=\dimen329
\pgf@decorate@distancetomove=\dimen330
\pgf@decorate@repeatstate=\count359
\pgfdecorationsegmentamplitude=\dimen331
\pgfdecorationsegmentlength=\dimen332
)
\tikz@lib@dec@box=\box78
)
(C:\Users\squir\AppData\Local\Programs\MiKTeX\tex/generic/pgf/frontendlayer/tik
z/libraries\tikzlibrarydecorations.pathmorphing.code.tex
(C:\Users\squir\AppData\Local\Programs\MiKTeX\tex/generic/pgf/libraries/decorat
ions\pgflibrarydecorations.pathmorphing.code.tex))
(C:\Users\squir\AppData\Local\Programs\MiKTeX\tex/generic/pgf/frontendlayer/tik
z/libraries\tikzlibrarydecorations.pathreplacing.code.tex
(C:\Users\squir\AppData\Local\Programs\MiKTeX\tex/generic/pgf/libraries/decorat
ions\pgflibrarydecorations.pathreplacing.code.tex))
(C:\Users\squir\AppData\Local\Programs\MiKTeX\tex/generic/pgfplots/libs\tikzlib
rarypgfplots.contourlua.code.tex)
\pgfplots@numplots=\count360
\pgfplots@xmin@reg=\dimen333
\pgfplots@xmax@reg=\dimen334
\pgfplots@ymin@reg=\dimen335
\pgfplots@ymax@reg=\dimen336
\pgfplots@zmin@reg=\dimen337
\pgfplots@zmax@reg=\dimen338
)
(C:\Users\squir\AppData\Local\Programs\MiKTeX\tex/generic/pgf/frontendlayer/tik
z/libraries\tikzlibraryplotmarks.code.tex
File: tikzlibraryplotmarks.code.tex 2023-01-15 v3.1.10 (3.1.10)

(C:\Users\squir\AppData\Local\Programs\MiKTeX\tex/generic/pgf/libraries\pgflibr
aryplotmarks.code.tex
File: pgflibraryplotmarks.code.tex 2023-01-15 v3.1.10 (3.1.10)
)))
(C:\Users\squir\AppData\Local\Programs\MiKTeX\tex/generic/pgfplots/libs\tikzlib
rarypgfplots.groupplots.code.tex
\pgfplots@group@current@plot=\count361
\pgfplots@group@current@row=\count362
\pgfplots@group@current@column=\count363

(C:\Users\squir\AppData\Local\Programs\MiKTeX\tex/generic/pgf/frontendlayer/tik
z/libraries\tikzlibrarycalc.code.tex
File: tikzlibrarycalc.code.tex 2023-01-15 v3.1.10 (3.1.10)
))
(C:\Users\squir\AppData\Local\Programs\MiKTeX\tex/generic/pgf/libraries\pgflibr
aryarrows.meta.code.tex
File: pgflibraryarrows.meta.code.tex 2023-01-15 v3.1.10 (3.1.10)
\pgfarrowinset=\dimen339
\pgfarrowlength=\dimen340
\pgfarrowwidth=\dimen341
\pgfarrowlinewidth=\dimen342
)
(C:\Users\squir\AppData\Local\Programs\MiKTeX\tex/generic/pgf/frontendlayer/tik
z/libraries\tikzlibrarypatterns.code.tex
File: tikzlibrarypatterns.code.tex 2023-01-15 v3.1.10 (3.1.10)

(C:\Users\squir\AppData\Local\Programs\MiKTeX\tex/generic/pgf/libraries\pgflibr
arypatterns.code.tex
File: pgflibrarypatterns.code.tex 2023-01-15 v3.1.10 (3.1.10)
))
(C:\Users\squir\AppData\Local\Programs\MiKTeX\tex/generic/pgf/frontendlayer/tik
z/libraries\tikzlibraryangles.code.tex
File: tikzlibraryangles.code.tex 2023-01-15 v3.1.10 (3.1.10)
)
(C:\Users\squir\AppData\Local\Programs\MiKTeX\tex/generic/pgf/frontendlayer/tik
z/libraries\tikzlibraryquotes.code.tex
File: tikzlibraryquotes.code.tex 2023-01-15 v3.1.10 (3.1.10)
)
(C:\Users\squir\AppData\Local\Programs\MiKTeX\tex/latex/preprint\fullpage.sty
Package: fullpage 1999/02/23 1.1 (PWD)
\FP@margin=\skip57
)
(C:\Users\squir\AppData\Local\Programs\MiKTeX\tex/latex/darkmode\darkmode.sty
(C:\Users\squir\AppData\Local\Programs\MiKTeX\tex/latex/l3packages/l3keys2e\l3k
eys2e.sty
Package: l3keys2e 2023-08-29 LaTeX2e option processing using LaTeX3 keys
)
Package: darkmode 2022-09-01 v1.0.1 Provide general dark mode support for any L
aTeX document.

(C:\Users\squir\AppData\Local\Programs\MiKTeX\tex/latex/pagecolor\pagecolor.sty
Package: pagecolor 2023-04-18 v1.2c Provides thepagecolor (HMM)

(C:\Users\squir\AppData\Local\Programs\MiKTeX\tex/latex/kvoptions\kvoptions.sty
Package: kvoptions 2022-06-15 v3.15 Key value format for package options (HO)

(C:\Users\squir\AppData\Local\Programs\MiKTeX\tex/latex/kvsetkeys\kvsetkeys.sty
Package: kvsetkeys 2022-10-05 v1.19 Key value parser (HO)
)))) (C:\Users\squir\AppData\Local\Programs\MiKTeX\tex/latex/ulem\ulem.sty
\UL@box=\box79
\UL@hyphenbox=\box80
\UL@skip=\skip58
\UL@hook=\toks48
\UL@height=\dimen343
\UL@pe=\count364
\UL@pixel=\dimen344
\ULC@box=\box81
Package: ulem 2019/11/18
\ULdepth=\dimen345
)
(C:\Users\squir\AppData\Local\Programs\MiKTeX\tex/latex/tools\tabularx.sty
Package: tabularx 2020/01/15 v2.11c `tabularx' package (DPC)
\TX@col@width=\dimen346
\TX@old@table=\dimen347
\TX@old@col=\dimen348
\TX@target=\dimen349
\TX@delta=\dimen350
\TX@cols=\count365
\TX@ftn=\toks49
)
(C:\Users\squir\AppData\Local\Programs\MiKTeX\tex/latex/tcolorbox\tcolorbox.sty
Package: tcolorbox 2023/06/19 version 6.0.4 text color boxes
(C:\Users\squir\AppData\Local\Programs\MiKTeX\tex/latex/tools\verbatim.sty
Package: verbatim 2022-07-02 v1.5u LaTeX2e package for verbatim enhancements
\every@verbatim=\toks50
\verbatim@line=\toks51
\verbatim@in@stream=\read4
)
(C:\Users\squir\AppData\Local\Programs\MiKTeX\tex/latex/environ\environ.sty
Package: environ 2014/05/04 v0.3 A new way to define environments

(C:\Users\squir\AppData\Local\Programs\MiKTeX\tex/latex/trimspaces\trimspaces.s
ty
Package: trimspaces 2009/09/17 v1.1 Trim spaces around a token list
))
\tcb@titlebox=\box82
\tcb@upperbox=\box83
\tcb@lowerbox=\box84
\tcb@phantombox=\box85
\c@tcbbreakpart=\count366
\c@tcblayer=\count367
\c@tcolorbox@number=\count368
\tcb@temp=\box86
\tcb@temp=\box87
\tcb@temp=\box88
\tcb@temp=\box89

(C:\Users\squir\AppData\Local\Programs\MiKTeX\tex/latex/tcolorbox\tcbraster.cod
e.tex
Library (tcolorbox): 'tcbraster.code.tex' version '6.0.4'
\c@tcbrastercolumn=\count369
\c@tcbrasterrow=\count370
\c@tcbrasternum=\count371
\c@tcbraster=\count372
)
(C:\Users\squir\AppData\Local\Programs\MiKTeX\tex/latex/tcolorbox\tcbskins.code
.tex
Library (tcolorbox): 'tcbskins.code.tex' version '6.0.4'

(C:\Users\squir\AppData\Local\Programs\MiKTeX\tex/latex/tikzfill\tikzfill.image
.sty
Package: tikzfill.image 2023/08/08 v1.0.1 Image filling library for TikZ

(C:\Users\squir\AppData\Local\Programs\MiKTeX\tex/latex/tikzfill\tikzfill-commo
n.sty
Package: tikzfill-common 2023/08/08 v1.0.1 Auxiliary code for tikzfill
)
(C:\Users\squir\AppData\Local\Programs\MiKTeX\tex/latex/tikzfill\tikzlibraryfil
l.image.code.tex
File: tikzlibraryfill.image.code.tex 2023/08/08 v1.0.1 Image filling library
\l__tikzfill_img_box=\box90
))
(C:\Users\squir\AppData\Local\Programs\MiKTeX\tex/latex/tcolorbox\tcbskinsjigsa
w.code.tex
Library (tcolorbox): 'tcbskinsjigsaw.code.tex' version '6.0.4'
))
(C:\Users\squir\AppData\Local\Programs\MiKTeX\tex/latex/tcolorbox\tcbbreakable.
code.tex
Library (tcolorbox): 'tcbbreakable.code.tex' version '6.0.4'
(C:\Users\squir\AppData\Local\Programs\MiKTeX\tex/latex/pdfcol\pdfcol.sty
Package: pdfcol 2022-09-21 v1.7 Handle new color stacks for pdfTeX (HO)
)
Package pdfcol Info: New color stack `tcb@breakable' = 1 on input line 23.
\tcb@testbox=\box91
\tcb@totalupperbox=\box92
\tcb@totallowerbox=\box93
)
(C:\Users\squir\AppData\Local\Programs\MiKTeX\tex/latex/tcolorbox\tcbhooks.code
.tex
Library (tcolorbox): 'tcbhooks.code.tex' version '6.0.4'
)
(C:\Users\squir\AppData\Local\Programs\MiKTeX\tex/latex/tcolorbox\tcbtheorems.c
ode.tex
Library (tcolorbox): 'tcbtheorems.code.tex' version '6.0.4'
)
(C:\Users\squir\AppData\Local\Programs\MiKTeX\tex/latex/tcolorbox\tcbfitting.co
de.tex
Library (tcolorbox): 'tcbfitting.code.tex' version '6.0.4'
\tcbfitdim=\dimen351
\tcb@lowerfitdim=\dimen352
\tcb@upperfitdim=\dimen353
\tcb@cur@hbadness=\count373
)
(C:\Users\squir\AppData\Local\Programs\MiKTeX\tex/latex/tcolorbox\tcblistingsut
f8.code.tex
Library (tcolorbox): 'tcblistingsutf8.code.tex' version '6.0.4'

(C:\Users\squir\AppData\Local\Programs\MiKTeX\tex/latex/tcolorbox\tcblistings.c
ode.tex
Library (tcolorbox): 'tcblistings.code.tex' version '6.0.4'
(C:\Users\squir\AppData\Local\Programs\MiKTeX\tex/latex/listings\listings.sty
\lst@mode=\count374
\lst@gtempboxa=\box94
\lst@token=\toks52
\lst@length=\count375
\lst@currlwidth=\dimen354
\lst@column=\count376
\lst@pos=\count377
\lst@lostspace=\dimen355
\lst@width=\dimen356
\lst@newlines=\count378
\lst@lineno=\count379
\lst@maxwidth=\dimen357

(C:\Users\squir\AppData\Local\Programs\MiKTeX\tex/latex/listings\lstmisc.sty
File: lstmisc.sty 2023/02/27 1.9 (Carsten Heinz)
\c@lstnumber=\count380
\lst@skipnumbers=\count381
\lst@framebox=\box95
)
(C:\Users\squir\AppData\Local\Programs\MiKTeX\tex/latex/listings\listings.cfg
File: listings.cfg 2023/02/27 1.9 listings configuration
))
Package: listings 2023/02/27 1.9 (Carsten Heinz)

(C:\Users\squir\AppData\Local\Programs\MiKTeX\tex/latex/tcolorbox\tcblistingsco
re.code.tex
Library (tcolorbox): 'tcblistingscore.code.tex' version '6.0.4'

(C:\Users\squir\AppData\Local\Programs\MiKTeX\tex/latex/tcolorbox\tcbprocessing
.code.tex
Library (tcolorbox): 'tcbprocessing.code.tex' version '6.0.4'
(C:\Users\squir\AppData\Local\Programs\MiKTeX\tex/latex/tools\shellesc.sty
Package: shellesc 2023/04/15 v1.0d unified shell escape interface for LaTeX
Package shellesc Info: Unrestricted shell escape enabled on input line 75.
))
\c@tcblisting=\count382
))
(C:\Users\squir\AppData\Local\Programs\MiKTeX\tex/latex/listingsutf8\listingsut
f8.sty
Package: listingsutf8 2019-12-10 v1.5 Allow UTF-8 in listings input (HO)

(C:\Users\squir\AppData\Local\Programs\MiKTeX\tex/generic/stringenc\stringenc.s
ty
Package: stringenc 2019/11/29 v1.12 Convert strings between diff. encodings (HO
)

(C:\Users\squir\AppData\Local\Programs\MiKTeX\tex/generic/pdfescape\pdfescape.s
ty
Package: pdfescape 2019/12/09 v1.15 Implements pdfTeX's escape features (HO)
))))
(C:\Users\squir\AppData\Local\Programs\MiKTeX\tex/latex/tcolorbox\tcbexternal.c
ode.tex
Library (tcolorbox): 'tcbexternal.code.tex' version '6.0.4'
)
(C:\Users\squir\AppData\Local\Programs\MiKTeX\tex/latex/tcolorbox\tcbmagazine.c
ode.tex
Library (tcolorbox): 'tcbmagazine.code.tex' version '6.0.4'
)
(C:\Users\squir\AppData\Local\Programs\MiKTeX\tex/latex/tcolorbox\tcbvignette.c
ode.tex
Library (tcolorbox): 'tcbvignette.code.tex' version '6.0.4'

(C:\Users\squir\AppData\Local\Programs\MiKTeX\tex/generic/pgf/frontendlayer/tik
z/libraries\tikzlibraryfadings.code.tex
File: tikzlibraryfadings.code.tex 2023-01-15 v3.1.10 (3.1.10)

(C:\Users\squir\AppData\Local\Programs\MiKTeX\tex/generic/pgf/libraries\pgflibr
aryfadings.code.tex
File: pgflibraryfadings.code.tex 2023-01-15 v3.1.10 (3.1.10)
)))
(C:\Users\squir\AppData\Local\Programs\MiKTeX\tex/latex/tcolorbox\tcbposter.cod
e.tex
Library (tcolorbox): 'tcbposter.code.tex' version '6.0.4'
))
(C:\Users\squir\AppData\Local\Programs\MiKTeX\tex/latex/colortbl\colortbl.sty
Package: colortbl 2022/06/20 v1.0f Color table columns (DPC)
\everycr=\toks53
\minrowclearance=\skip59
\rownum=\count383
)
(C:\Users\squir\AppData\Local\Programs\MiKTeX\tex/latex/tkz-euclide/latex\tkz-e
uclide.sty
2023/10/26 5.04c tkz-euclide.sty
Package: tkz-euclide  2023/10/26 5.04c for pure Euclidean Geometry 

(C:\Users\squir\AppData\Local\Programs\MiKTeX\tex/generic/pgf/frontendlayer/tik
z/libraries\tikzlibraryarrows.code.tex
File: tikzlibraryarrows.code.tex 2023-01-15 v3.1.10 (3.1.10)

(C:\Users\squir\AppData\Local\Programs\MiKTeX\tex/generic/pgf/libraries\pgflibr
aryarrows.code.tex
File: pgflibraryarrows.code.tex 2023-01-15 v3.1.10 (3.1.10)
\arrowsize=\dimen358
))
(C:\Users\squir\AppData\Local\Programs\MiKTeX\tex/generic/pgf/frontendlayer/tik
z/libraries\tikzlibrarybackgrounds.code.tex
File: tikzlibrarybackgrounds.code.tex 2023-01-15 v3.1.10 (3.1.10)
\pgf@layerbox@background=\box96
\pgf@layerboxsaved@background=\box97
)
(C:\Users\squir\AppData\Local\Programs\MiKTeX\tex/generic/pgf/frontendlayer/tik
z/libraries\tikzlibrarydecorations.markings.code.tex
(C:\Users\squir\AppData\Local\Programs\MiKTeX\tex/generic/pgf/libraries/decorat
ions\pgflibrarydecorations.markings.code.tex))
(C:\Users\squir\AppData\Local\Programs\MiKTeX\tex/generic/pgf/frontendlayer/tik
z/libraries\tikzlibrarydecorations.shapes.code.tex
(C:\Users\squir\AppData\Local\Programs\MiKTeX\tex/generic/pgf/libraries/decorat
ions\pgflibrarydecorations.shapes.code.tex))
(C:\Users\squir\AppData\Local\Programs\MiKTeX\tex/generic/pgf/frontendlayer/tik
z/libraries\tikzlibrarydecorations.text.code.tex
(C:\Users\squir\AppData\Local\Programs\MiKTeX\tex/generic/pgf/libraries/decorat
ions\pgflibrarydecorations.text.code.tex
\pgf@lib@dec@text@box=\box98
)
\tikz@lib@dec@te@box=\box99
)
(C:\Users\squir\AppData\Local\Programs\MiKTeX\tex/generic/pgf/frontendlayer/tik
z/libraries\tikzlibraryintersections.code.tex
(C:\Users\squir\AppData\Local\Programs\MiKTeX\tex/generic/pgf/libraries\pgflibr
aryintersections.code.tex
\pgf@intersect@solutions=\count384
))
(C:\Users\squir\AppData\Local\Programs\MiKTeX\tex/generic/pgf/frontendlayer/tik
z/libraries\tikzlibrarymath.code.tex
(C:\Users\squir\AppData\Local\Programs\MiKTeX\tex/generic/pgf/frontendlayer/tik
z/libraries\tikzlibraryfpu.code.tex)
\tikz@math@for@depth=\count385
\tikz@math@dimen=\dimen359
\tikz@math@toks=\toks54
)
(C:\Users\squir\AppData\Local\Programs\MiKTeX\tex/generic/pgf/frontendlayer/tik
z/libraries\tikzlibrarypositioning.code.tex
File: tikzlibrarypositioning.code.tex 2023-01-15 v3.1.10 (3.1.10)
)
(C:\Users\squir\AppData\Local\Programs\MiKTeX\tex/generic/pgf/frontendlayer/tik
z/libraries\tikzlibraryshapes.misc.code.tex
File: tikzlibraryshapes.misc.code.tex 2023-01-15 v3.1.10 (3.1.10)

(C:\Users\squir\AppData\Local\Programs\MiKTeX\tex/generic/pgf/libraries/shapes\
pgflibraryshapes.misc.code.tex
File: pgflibraryshapes.misc.code.tex 2023-01-15 v3.1.10 (3.1.10)
))
(C:\Users\squir\AppData\Local\Programs\MiKTeX\tex/generic/pgf/frontendlayer/tik
z/libraries\tikzlibrarythrough.code.tex
File: tikzlibrarythrough.code.tex 2023-01-15 v3.1.10 (3.1.10)
)
(C:\Users\squir\AppData\Local\Programs\MiKTeX\tex/latex/l3packages/xfp\xfp.sty
Package: xfp 2023-08-29 L3 Floating point unit
) (C:\Users\squir\AppData\Local\Programs\MiKTeX\tex/latex/xpatch\xpatch.sty
Package: xpatch 2020/03/25 v0.3a Extending etoolbox patching commands
)
\tkzRadius=\dimen360
\tkzLength=\dimen361
\tkz@radi=\dimen362
\tkz@ax=\dimen363
\tkz@ay=\dimen364
\tkz@bx=\dimen365
\tkz@by=\dimen366
\tkz@cx=\dimen367
\tkz@cy=\dimen368
\tkz@dx=\dimen369
\tkz@dy=\dimen370
\tkz@cntmk=\count386

Local configuration file tkz-euclide.cfg found and used

(C:\Users\squir\AppData\Local\Programs\MiKTeX\tex/latex/tkz-euclide/latex\tkz-e
uclide.cfg
2023/10/26 5.04c tkz-euclide.cfg
)
(C:\Users\squir\AppData\Local\Programs\MiKTeX\tex/latex/tkz-euclide/latex/tools
\tkz-tools-eu-base.tex
2023/10/26 5.04c tkz-tools-eu-base.tex
)
(C:\Users\squir\AppData\Local\Programs\MiKTeX\tex/latex/tkz-euclide/latex/tools
\tkz-tools-eu-utilities.tex
2023/10/26 5.04c tkz-tools-eu-utilities.tex
)
(C:\Users\squir\AppData\Local\Programs\MiKTeX\tex/latex/tkz-euclide/latex/tools
\tkz-tools-eu-BB.tex
2023/10/26 5.04c tkz-obj-eu-BB.tex
)
(C:\Users\squir\AppData\Local\Programs\MiKTeX\tex/latex/tkz-euclide/latex/obj\t
kz-obj-eu-grids.tex
2023/10/26 5.04c tkz-obj-eu-grids.tex
)
(C:\Users\squir\AppData\Local\Programs\MiKTeX\tex/latex/tkz-euclide/latex/libs\
tkz-lib-eu-marks.tex
2023/10/26 5.04c tkz-lib-eu-marks.tex
)
(C:\Users\squir\AppData\Local\Programs\MiKTeX\tex/latex/tkz-euclide/latex/tools
\tkz-tools-eu-text.tex
2023/10/26 5.04c tkz-tools-eu-text.tex
)
(C:\Users\squir\AppData\Local\Programs\MiKTeX\tex/latex/tkz-euclide/latex/libs\
tkz-lib-eu-shape.tex
2023/10/26 5.04c tkz-lib-eu-shape.tex
)
(C:\Users\squir\AppData\Local\Programs\MiKTeX\tex/latex/tkz-euclide/latex/obj\t
kz-obj-eu-axesmin.tex
2023/10/26 5.04c tkz-obj-eu-axesmin
)
(C:\Users\squir\AppData\Local\Programs\MiKTeX\tex/latex/tkz-euclide/latex/tools
\tkz-tools-eu-colors.tex
2023/10/26 5.04c tkz-tools-eu-colors
)
(C:\Users\squir\AppData\Local\Programs\MiKTeX\tex/latex/tkz-euclide/latex/obj\t
kz-obj-eu-points.tex
2023/10/26 5.04c tkz-obj-eu-points.tex
)
(C:\Users\squir\AppData\Local\Programs\MiKTeX\tex/latex/tkz-euclide/latex/drawi
ngs\tkz-draw-eu-points.tex
2023/10/26 5.04c tkz-draw-eu-points.tex
)
(C:\Users\squir\AppData\Local\Programs\MiKTeX\tex/latex/tkz-euclide/latex/obj\t
kz-obj-eu-points.tex
2023/10/26 5.04c tkz-obj-eu-points.tex
)
(C:\Users\squir\AppData\Local\Programs\MiKTeX\tex/latex/tkz-euclide/latex/obj\t
kz-obj-eu-points-by.tex
2023/10/26 5.04c tkz-tools-eu-points-by.tex
)
(C:\Users\squir\AppData\Local\Programs\MiKTeX\tex/latex/tkz-euclide/latex/tools
\tkz-tools-eu-math.tex
2023/10/26 5.04c tkz-tools-eu-math.tex
)
(C:\Users\squir\AppData\Local\Programs\MiKTeX\tex/latex/tkz-euclide/latex/tools
\tkz-tools-eu-intersections.tex
2023/10/26 5.04c tkz-tools-eu-intersections.tex
)
(C:\Users\squir\AppData\Local\Programs\MiKTeX\tex/latex/tkz-euclide/latex/obj\t
kz-obj-eu-points-with.tex
2023/10/26 5.04c tkz-obj-eu-points-with.tex
)
(C:\Users\squir\AppData\Local\Programs\MiKTeX\tex/latex/tkz-euclide/latex/obj\t
kz-obj-eu-points-spc.tex
2023/10/26 5.04c tkz-obj-el-points.tex
)
(C:\Users\squir\AppData\Local\Programs\MiKTeX\tex/latex/tkz-euclide/latex/tools
\tkz-tools-eu-angles.tex
2023/10/26 5.04c tkz-tools-eu-angles.tex
)
(C:\Users\squir\AppData\Local\Programs\MiKTeX\tex/latex/tkz-euclide/latex/obj\t
kz-obj-eu-circles.tex
2023/10/26 5.04c tkz-obj-eu-circles.tex
)
(C:\Users\squir\AppData\Local\Programs\MiKTeX\tex/latex/tkz-euclide/latex/obj\t
kz-obj-eu-circles-by.tex
2023/10/26 5.04c tkz-obj-eu-circles.tex
)
(C:\Users\squir\AppData\Local\Programs\MiKTeX\tex/latex/tkz-euclide/latex/obj\t
kz-obj-eu-points-rnd.tex
2023/10/26 5.04c tkz-obj-eu-points-rnd.tex
)
(C:\Users\squir\AppData\Local\Programs\MiKTeX\tex/latex/tkz-euclide/latex/obj\t
kz-obj-eu-lines.tex
2023/10/26 5.04c tkz-obj-eu-lines.tex
)
(C:\Users\squir\AppData\Local\Programs\MiKTeX\tex/latex/tkz-euclide/latex/obj\t
kz-obj-eu-polygons.tex
2023/10/26 5.04c tkz-obj-eu-polygons.tex
)
(C:\Users\squir\AppData\Local\Programs\MiKTeX\tex/latex/tkz-euclide/latex/obj\t
kz-obj-eu-triangles.tex
2023/10/26 5.04c tkz-obj-eu-triangles.tex
)
(C:\Users\squir\AppData\Local\Programs\MiKTeX\tex/latex/tkz-euclide/latex/drawi
ngs\tkz-draw-eu-lines.tex
2023/10/26 5.04c tkz-obj-eu-draw-lines.tex
)
(C:\Users\squir\AppData\Local\Programs\MiKTeX\tex/latex/tkz-euclide/latex/drawi
ngs\tkz-draw-eu-circles.tex
2023/10/26 5.04c tkz-obj-eu-draw-circles.tex
)
(C:\Users\squir\AppData\Local\Programs\MiKTeX\tex/latex/tkz-euclide/latex/drawi
ngs\tkz-draw-eu-ellipses.tex
2023/10/26 5.04c tkz-obj-eu-draw-ellipses.tex
)
(C:\Users\squir\AppData\Local\Programs\MiKTeX\tex/latex/tkz-euclide/latex/drawi
ngs\tkz-draw-eu-polygons.tex
2023/10/26 5.04c tkz-obj-eu-polygons.tex
)
(C:\Users\squir\AppData\Local\Programs\MiKTeX\tex/latex/tkz-euclide/latex/drawi
ngs\tkz-draw-eu-angles.tex
2023/10/26 5.04c tkz-tool-eu-angles.tex
)
(C:\Users\squir\AppData\Local\Programs\MiKTeX\tex/latex/tkz-euclide/latex/drawi
ngs\tkz-draw-eu-sectors.tex
2023/10/26 5.04c tkz-obj-eu-sectors.tex
)
(C:\Users\squir\AppData\Local\Programs\MiKTeX\tex/latex/tkz-euclide/latex/drawi
ngs\tkz-draw-eu-compass.tex
2023/10/26 5.04c tkz-obj-eu-compass.tex
)
(C:\Users\squir\AppData\Local\Programs\MiKTeX\tex/latex/tkz-euclide/latex/drawi
ngs\tkz-draw-eu-show.tex
2023/10/26 5.04c tkz-obj-eu-show.tex
)
(C:\Users\squir\AppData\Local\Programs\MiKTeX\tex/latex/tkz-euclide/latex/drawi
ngs\tkz-draw-eu-protractor.tex
2023/10/26 5.04c tkz-obj-eu-protractor.tex
)) (C:\Users\squir\AppData\Local\Programs\MiKTeX\tex/latex/capt-of\capt-of.sty
Package: capt-of 2009/12/29 v0.2 standard captions outside of floats
) (C:\Users\squir\AppData\Local\Programs\MiKTeX\tex/latex/caption\caption.sty
Package: caption 2023/08/05 v3.6o Customizing captions (AR)

(C:\Users\squir\AppData\Local\Programs\MiKTeX\tex/latex/caption\caption3.sty
Package: caption3 2023/07/31 v2.4d caption3 kernel (AR)
\caption@tempdima=\dimen371
\captionmargin=\dimen372
\caption@leftmargin=\dimen373
\caption@rightmargin=\dimen374
\caption@width=\dimen375
\caption@indent=\dimen376
\caption@parindent=\dimen377
\caption@hangindent=\dimen378
Package caption Info: Standard document class detected.
)
\c@caption@flags=\count387
\c@continuedfloat=\count388
Package caption Info: changepage package is loaded.
\caption@adjustwidth@hsize=\dimen379
\caption@adjustwidth@linewidth=\dimen380
Package caption Info: listings package is loaded.
)
(C:\Users\squir\AppData\Local\Programs\MiKTeX\tex/latex/tikz-3dplot\tikz-3dplot
.sty (C:\Users\squir\AppData\Local\Programs\MiKTeX\tex/latex/base\ifthen.sty
Package: ifthen 2022/04/13 v1.1d Standard LaTeX ifthen package (DPC)
)
(C:\Users\squir\AppData\Local\Programs\MiKTeX\tex/generic/pgf/frontendlayer/tik
z/libraries\tikzlibrary3d.code.tex
File: tikzlibrary3d.code.tex 2023-01-15 v3.1.10 (3.1.10)
))
Package translations Info: No language package found. I am going to use `englis
h' as default language. on input line 86.
 (Physics Updated.aux)
\openout1 = `"Physics Updated.aux"'.

LaTeX Font Info:    Checking defaults for OML/cmm/m/it on input line 86.
LaTeX Font Info:    ... okay on input line 86.
LaTeX Font Info:    Checking defaults for OMS/cmsy/m/n on input line 86.
LaTeX Font Info:    ... okay on input line 86.
LaTeX Font Info:    Checking defaults for OT1/cmr/m/n on input line 86.
LaTeX Font Info:    ... okay on input line 86.
LaTeX Font Info:    Checking defaults for T1/cmr/m/n on input line 86.
LaTeX Font Info:    ... okay on input line 86.
LaTeX Font Info:    Checking defaults for TS1/cmr/m/n on input line 86.
LaTeX Font Info:    ... okay on input line 86.
LaTeX Font Info:    Checking defaults for OMX/cmex/m/n on input line 86.
LaTeX Font Info:    ... okay on input line 86.
LaTeX Font Info:    Checking defaults for U/cmr/m/n on input line 86.
LaTeX Font Info:    ... okay on input line 86.

(C:\Users\squir\AppData\Local\Programs\MiKTeX\tex/context/base/mkii\supp-pdf.mk
ii
[Loading MPS to PDF converter (version 2006.09.02).]
\scratchcounter=\count389
\scratchdimen=\dimen381
\scratchbox=\box100
\nofMPsegments=\count390
\nofMParguments=\count391
\everyMPshowfont=\toks55
\MPscratchCnt=\count392
\MPscratchDim=\dimen382
\MPnumerator=\count393
\makeMPintoPDFobject=\count394
\everyMPtoPDFconversion=\toks56
)
(C:\Users\squir\AppData\Local\Programs\MiKTeX\tex/latex/epstopdf-pkg\epstopdf-b
ase.sty
Package: epstopdf-base 2020-01-24 v2.11 Base part for package epstopdf
Package epstopdf-base Info: Redefining graphics rule for `.eps' on input line 4
85.

(C:\Users\squir\AppData\Local\Programs\MiKTeX\tex/latex/00miktex\epstopdf-sys.c
fg
File: epstopdf-sys.cfg 2021/03/18 v2.0 Configuration of epstopdf for MiKTeX
))
(C:\Users\squir\AppData\Local\Programs\MiKTeX\tex/latex/translations/dicts\tran
slations-basic-dictionary-english.trsl
File: translations-basic-dictionary-english.trsl (english translation file `tra
nslations-basic-dictionary')
)
Package translations Info: loading dictionary `translations-basic-dictionary' f
or `english'. on input line 86.

Package pgfplots notification 'compat/show suggested version=true': you might b
enefit from \pgfplotsset{compat=1.18} (current compat level: 1.16).

\c@lstlisting=\count395
(C:\Users\squir\AppData\Local\Programs\MiKTeX\tex/latex/base\inputenc.sty
Package: inputenc 2021/02/14 v1.3d Input encoding file
\inpenc@prehook=\toks57
\inpenc@posthook=\toks58
)
Package caption Info: Begin \AtBeginDocument code.
Package caption Info: End \AtBeginDocument code.
LaTeX Font Info:    Trying to load font information for U+msa on input line 91.


(C:\Users\squir\AppData\Local\Programs\MiKTeX\tex/latex/amsfonts\umsa.fd
File: umsa.fd 2013/01/14 v3.01 AMS symbols A
)
LaTeX Font Info:    Trying to load font information for U+msb on input line 91.


(C:\Users\squir\AppData\Local\Programs\MiKTeX\tex/latex/amsfonts\umsb.fd
File: umsb.fd 2013/01/14 v3.01 AMS symbols B
)
Overfull \hbox (4.9359pt too wide) in paragraph at lines 97--123
 |  [] 
 []


Underfull \hbox (badness 10000) in paragraph at lines 124--127

 []


Underfull \hbox (badness 10000) in paragraph at lines 183--187

 []


Underfull \hbox (badness 10000) in paragraph at lines 183--187

 []


Underfull \hbox (badness 10000) in paragraph at lines 183--187

 []

[1
Non-PDF special ignored!
<special> header=pstricks.pro
Non-PDF special ignored!
<special> header=pst-algparser.pro
Non-PDF special ignored!
<special> header=pst-tools.pro
Non-PDF special ignored!
<special> header=pst-dots.pro
Non-PDF special ignored!
<special> header=pst-node.pro
Non-PDF special ignored!
<special> header=pst-3d.pro
Non-PDF special ignored!
<special> header=pst-math.pro
Non-PDF special ignored!
<special> header=pstricks-add.pro
Non-PDF special ignored!
<special> header=pst-eucl.pro

Non-PDF special ignored!
<special> ps: /pssetRGBcolor /setrgbcolor load def /pssetCMYKcolor /setcmyk...
Non-PDF special ignored!
<special> ps:tx@Dict begin  gsave STV CP T /ps@rot 0 def grestore  end
Non-PDF special ignored!
<special> ps:tx@Dict begin  gsave STV CP T /ps@refangle 0.  def grestore  e...
Non-PDF special ignored!
<special> ps:tx@Dict begin  gsave STV CP T /ps@rot 0 def grestore  end
{C:/Users/squir/AppData/Local/MiKTeX/fonts/map/pdftex/pdftex.map}]
Overfull \hbox (3.61327pt too wide) in paragraph at lines 194--221
 |  [] 
 []


Overfull \hbox (3.61327pt too wide) in paragraph at lines 226--257
 |  [] 
 []

[2]
Underfull \hbox (badness 10000) in paragraph at lines 330--331

 []


Underfull \hbox (badness 10000) in paragraph at lines 332--335

 []


Overfull \hbox (38.61075pt too wide) in paragraph at lines 347--368
[]  [] 
 []


Underfull \hbox (badness 10000) in paragraph at lines 338--373

 []


Overfull \hbox (84.7891pt too wide) in paragraph at lines 383--427
[]|  [] 
 []


Overfull \hbox (100.54631pt too wide) in paragraph at lines 438--447
[]|  [] 
 []


Overfull \hbox (84.9807pt too wide) in paragraph at lines 456--491
[]|  [] 
 []

\c@shadeCounter=\count396

Overfull \hbox (94.87202pt too wide) in paragraph at lines 497--543
[]|  [] 
 []

[3]
\c@shadeCounterd=\count397

Overfull \hbox (102.52055pt too wide) in paragraph at lines 550--597
[]|  [] 
 []

\c@shadeCounterw=\count398

Overfull \hbox (88.04211pt too wide) in paragraph at lines 605--646
[]|  [] 
 []


Overfull \hbox (3.00337pt too wide) in paragraph at lines 652--657
[]  $[]$ 
 []


Overfull \hbox (78.89008pt too wide) in paragraph at lines 777--778
[][][][] 
 []


Overfull \hbox (78.89008pt too wide) in paragraph at lines 878--879
[][][][] 
 []


Overfull \hbox (78.89008pt too wide) in paragraph at lines 978--979
[][][][] 
 []


Overfull \hbox (78.89008pt too wide) in paragraph at lines 1077--1078
[][][][] 
 []


Overfull \hbox (78.89008pt too wide) in paragraph at lines 1178--1179
[][][][] 
 []


Overfull \hbox (78.89008pt too wide) in paragraph at lines 1269--1270
[][][][] 
 []

[4]
Overfull \hbox (325.66284pt too wide) in paragraph at lines 1380--1381
[][][][] 
 []


Overfull \hbox (3.40187pt too wide) in paragraph at lines 1451--1452
[][][][] 
 []


Overfull \hbox (3.40187pt too wide) in paragraph at lines 1513--1514
[][][][] 
 []


Overfull \hbox (3.40187pt too wide) in paragraph at lines 1575--1576
[][][][] 
 []


Overfull \hbox (1.16454pt too wide) in paragraph at lines 1391--1577
[] $[]$  $[]$  $[]$ 
 []


Overfull \hbox (325.66284pt too wide) in paragraph at lines 1699--1700
[][][][] 
 []


Underfull \hbox (badness 10000) in paragraph at lines 1726--1747
[]
 []


Overfull \hbox (62.87434pt too wide) in paragraph at lines 1726--1747
[] 
 []


LaTeX Warning: `h' float specifier changed to `ht'.


Underfull \hbox (badness 10000) in paragraph at lines 1793--1813
[]
 []


Overfull \hbox (40.47758pt too wide) in paragraph at lines 1793--1813
[] 
 []

[5]
Underfull \hbox (badness 10000) in paragraph at lines 1826--1827

 []


Underfull \hbox (badness 10000) in paragraph at lines 1831--1872
[]
 []


Overfull \hbox (68.43262pt too wide) in paragraph at lines 1831--1872
[] 
 []


Underfull \hbox (badness 10000) in paragraph at lines 1881--1882

 []

\c@shadeCounterb=\count399

Overfull \hbox (117.76283pt too wide) in paragraph at lines 1890--1971
[]| [] 
 []


LaTeX Warning: `h' float specifier changed to `ht'.


Underfull \hbox (badness 10000) in paragraph at lines 1979--1980

 []

\c@shadeCounterc=\count400

Overfull \hbox (118.5172pt too wide) in paragraph at lines 1988--2048
[]| [] 
 []

[6]
Overfull \hbox (0.48854pt too wide) in paragraph at lines 2586--2778
[] [][][]  [][][]  [][][] 
 []


Underfull \hbox (badness 10000) in paragraph at lines 2780--2786

 []


Underfull \hbox (badness 10000) in paragraph at lines 2780--2786

 []


Underfull \hbox (badness 10000) in paragraph at lines 2780--2786

 []


Underfull \hbox (badness 10000) in paragraph at lines 2780--2786

 []

[7] [8] [9] (Physics Updated.aux)
 ***********
LaTeX2e <2023-06-01> patch level 1
L3 programming layer <2020/03/25>
 ***********
 ) 
Here is how much of TeX's memory you used:
 47256 strings out of 475248
 1189235 string characters out of 5757813
 2597189 words of memory out of 12000000
 67941 multiletter control sequences out of 15000+600000
 566718 words of font info for 71 fonts, out of 8000000 for 9000
 1141 hyphenation exceptions out of 8191
 103i,12n,117p,1196b,2101s stack positions out of 10000i,1000n,20000p,200000b,200000s
<C:/Users/squir/AppData/Local/Programs/MiKTeX/fonts/type1/public/amsfonts/cm/
cmbx10.pfb><C:/Users/squir/AppData/Local/Programs/MiKTeX/fonts/type1/public/ams
fonts/cm/cmex10.pfb><C:/Users/squir/AppData/Local/Programs/MiKTeX/fonts/type1/p
ublic/amsfonts/cm/cmmi10.pfb><C:/Users/squir/AppData/Local/Programs/MiKTeX/font
s/type1/public/amsfonts/cm/cmmi12.pfb><C:/Users/squir/AppData/Local/Programs/Mi
KTeX/fonts/type1/public/amsfonts/cm/cmmi5.pfb><C:/Users/squir/AppData/Local/Pro
grams/MiKTeX/fonts/type1/public/amsfonts/cm/cmmi7.pfb><C:/Users/squir/AppData/L
ocal/Programs/MiKTeX/fonts/type1/public/amsfonts/cm/cmmi8.pfb><C:/Users/squir/A
ppData/Local/Programs/MiKTeX/fonts/type1/public/amsfonts/cm/cmmi9.pfb><C:/Users
/squir/AppData/Local/Programs/MiKTeX/fonts/type1/public/amsfonts/cm/cmr10.pfb><
C:/Users/squir/AppData/Local/Programs/MiKTeX/fonts/type1/public/amsfonts/cm/cmr
12.pfb><C:/Users/squir/AppData/Local/Programs/MiKTeX/fonts/type1/public/amsfont
s/cm/cmr5.pfb><C:/Users/squir/AppData/Local/Programs/MiKTeX/fonts/type1/public/
amsfonts/cm/cmr7.pfb><C:/Users/squir/AppData/Local/Programs/MiKTeX/fonts/type1/
public/amsfonts/cm/cmr9.pfb><C:/Users/squir/AppData/Local/Programs/MiKTeX/fonts
/type1/public/amsfonts/cm/cmsy10.pfb><C:/Users/squir/AppData/Local/Programs/MiK
TeX/fonts/type1/public/amsfonts/cm/cmsy5.pfb><C:/Users/squir/AppData/Local/Prog
rams/MiKTeX/fonts/type1/public/amsfonts/cm/cmsy7.pfb><C:/Users/squir/AppData/Lo
cal/Programs/MiKTeX/fonts/type1/public/amsfonts/cm/cmsy8.pfb><C:/Users/squir/Ap
pData/Local/Programs/MiKTeX/fonts/type1/public/amsfonts/cm/cmti10.pfb>
Output written on "Physics Updated.pdf" (9 pages, 455387 bytes).
PDF statistics:
 161 PDF objects out of 1000 (max. 8388607)
 0 named destinations out of 1000 (max. 500000)
 157 words of extra memory for PDF output out of 10000 (max. 10000000)

